CRITICAL - 2024-03-03 03:58:35 --> Error: Call to undefined method CodeIgniter\HTTP\IncomingRequest::getData()
in APPPATH\Controllers\Marvel.php on line 46.
 1 SYSTEMPATH\CodeIgniter.php(941): App\Controllers\Marvel->create()
 2 SYSTEMPATH\CodeIgniter.php(502): CodeIgniter\CodeIgniter->runController(Object(App\Controllers\Marvel))
 3 SYSTEMPATH\CodeIgniter.php(361): CodeIgniter\CodeIgniter->handleRequest(null, Object(Config\Cache), false)
 4 FCPATH\index.php(79): CodeIgniter\CodeIgniter->run()
CRITICAL - 2024-03-03 03:59:48 --> Error: Call to undefined method CodeIgniter\HTTP\IncomingRequest::getData()
in APPPATH\Controllers\Marvel.php on line 46.
 1 SYSTEMPATH\CodeIgniter.php(941): App\Controllers\Marvel->create()
 2 SYSTEMPATH\CodeIgniter.php(502): CodeIgniter\CodeIgniter->runController(Object(App\Controllers\Marvel))
 3 SYSTEMPATH\CodeIgniter.php(361): CodeIgniter\CodeIgniter->handleRequest(null, Object(Config\Cache), false)
 4 FCPATH\index.php(79): CodeIgniter\CodeIgniter->run()
CRITICAL - 2024-03-03 04:01:23 --> Error: Call to undefined method CodeIgniter\HTTP\IncomingRequest::getData()
in APPPATH\Controllers\Marvel.php on line 47.
 1 SYSTEMPATH\CodeIgniter.php(941): App\Controllers\Marvel->create()
 2 SYSTEMPATH\CodeIgniter.php(502): CodeIgniter\CodeIgniter->runController(Object(App\Controllers\Marvel))
 3 SYSTEMPATH\CodeIgniter.php(361): CodeIgniter\CodeIgniter->handleRequest(null, Object(Config\Cache), false)
 4 FCPATH\index.php(79): CodeIgniter\CodeIgniter->run()
CRITICAL - 2024-03-03 04:01:56 --> Error: Call to undefined method CodeIgniter\HTTP\IncomingRequest::getData()
in APPPATH\Controllers\Marvel.php on line 47.
 1 SYSTEMPATH\CodeIgniter.php(941): App\Controllers\Marvel->create()
 2 SYSTEMPATH\CodeIgniter.php(502): CodeIgniter\CodeIgniter->runController(Object(App\Controllers\Marvel))
 3 SYSTEMPATH\CodeIgniter.php(361): CodeIgniter\CodeIgniter->handleRequest(null, Object(Config\Cache), false)
 4 FCPATH\index.php(79): CodeIgniter\CodeIgniter->run()
CRITICAL - 2024-03-03 04:02:36 --> Error: Call to undefined method CodeIgniter\HTTP\IncomingRequest::getData()
in APPPATH\Controllers\Marvel.php on line 47.
 1 SYSTEMPATH\CodeIgniter.php(941): App\Controllers\Marvel->create()
 2 SYSTEMPATH\CodeIgniter.php(502): CodeIgniter\CodeIgniter->runController(Object(App\Controllers\Marvel))
 3 SYSTEMPATH\CodeIgniter.php(361): CodeIgniter\CodeIgniter->handleRequest(null, Object(Config\Cache), false)
 4 FCPATH\index.php(79): CodeIgniter\CodeIgniter->run()
CRITICAL - 2024-03-03 04:03:04 --> Error: Call to undefined method CodeIgniter\HTTP\IncomingRequest::getData()
in APPPATH\Controllers\Marvel.php on line 47.
 1 SYSTEMPATH\CodeIgniter.php(941): App\Controllers\Marvel->create()
 2 SYSTEMPATH\CodeIgniter.php(502): CodeIgniter\CodeIgniter->runController(Object(App\Controllers\Marvel))
 3 SYSTEMPATH\CodeIgniter.php(361): CodeIgniter\CodeIgniter->handleRequest(null, Object(Config\Cache), false)
 4 FCPATH\index.php(79): CodeIgniter\CodeIgniter->run()
CRITICAL - 2024-03-03 04:04:09 --> Error: Call to undefined method CodeIgniter\HTTP\IncomingRequest::getData()
in APPPATH\Controllers\Marvel.php on line 54.
 1 SYSTEMPATH\CodeIgniter.php(941): App\Controllers\Marvel->create()
 2 SYSTEMPATH\CodeIgniter.php(502): CodeIgniter\CodeIgniter->runController(Object(App\Controllers\Marvel))
 3 SYSTEMPATH\CodeIgniter.php(361): CodeIgniter\CodeIgniter->handleRequest(null, Object(Config\Cache), false)
 4 FCPATH\index.php(79): CodeIgniter\CodeIgniter->run()
CRITICAL - 2024-03-03 04:05:20 --> Error: Call to a member function getClientMediaType() on string
in APPPATH\Controllers\Marvel.php on line 83.
 1 APPPATH\Controllers\Marvel.php(56): App\Controllers\Marvel->validateImage('sdfsfd')
 2 SYSTEMPATH\CodeIgniter.php(941): App\Controllers\Marvel->create()
 3 SYSTEMPATH\CodeIgniter.php(502): CodeIgniter\CodeIgniter->runController(Object(App\Controllers\Marvel))
 4 SYSTEMPATH\CodeIgniter.php(361): CodeIgniter\CodeIgniter->handleRequest(null, Object(Config\Cache), false)
 5 FCPATH\index.php(79): CodeIgniter\CodeIgniter->run()
CRITICAL - 2024-03-03 04:06:56 --> Error: Call to a member function getClientMediaType() on string
in APPPATH\Controllers\Marvel.php on line 83.
 1 APPPATH\Controllers\Marvel.php(56): App\Controllers\Marvel->validateImage('screenshot (8).png')
 2 SYSTEMPATH\CodeIgniter.php(941): App\Controllers\Marvel->create()
 3 SYSTEMPATH\CodeIgniter.php(502): CodeIgniter\CodeIgniter->runController(Object(App\Controllers\Marvel))
 4 SYSTEMPATH\CodeIgniter.php(361): CodeIgniter\CodeIgniter->handleRequest(null, Object(Config\Cache), false)
 5 FCPATH\index.php(79): CodeIgniter\CodeIgniter->run()
CRITICAL - 2024-03-03 04:08:23 --> Error: Undefined constant "App\Controllers\WWW_ROOT"
in APPPATH\Controllers\Marvel.php on line 92.
 1 APPPATH\Controllers\Marvel.php(63): App\Controllers\Marvel->processImage(null)
 2 SYSTEMPATH\CodeIgniter.php(941): App\Controllers\Marvel->create()
 3 SYSTEMPATH\CodeIgniter.php(502): CodeIgniter\CodeIgniter->runController(Object(App\Controllers\Marvel))
 4 SYSTEMPATH\CodeIgniter.php(361): CodeIgniter\CodeIgniter->handleRequest(null, Object(Config\Cache), false)
 5 FCPATH\index.php(79): CodeIgniter\CodeIgniter->run()
CRITICAL - 2024-03-03 04:18:33 --> CodeIgniter\Validation\Exceptions\ValidationException: "mime_in[image,image/jpg,image/jpeg,image/gif,image/png" is not a valid rule.
in SYSTEMPATH\Validation\Validation.php on line 336.
 1 SYSTEMPATH\Validation\Validation.php(336): CodeIgniter\Validation\Exceptions\ValidationException::forRuleNotFound('mime_in[image,image/jpg,image/jpeg,image/gif,image/png')
 2 SYSTEMPATH\Validation\Validation.php(200): CodeIgniter\Validation\Validation->processRules('image', 'image', null, [...], [...])
 3 SYSTEMPATH\Controller.php(152): CodeIgniter\Validation\Validation->run()
 4 APPPATH\Controllers\Marvel.php(57): CodeIgniter\Controller->validate([...])
 5 SYSTEMPATH\CodeIgniter.php(941): App\Controllers\Marvel->create()
 6 SYSTEMPATH\CodeIgniter.php(502): CodeIgniter\CodeIgniter->runController(Object(App\Controllers\Marvel))
 7 SYSTEMPATH\CodeIgniter.php(361): CodeIgniter\CodeIgniter->handleRequest(null, Object(Config\Cache), false)
 8 FCPATH\index.php(79): CodeIgniter\CodeIgniter->run()
CRITICAL - 2024-03-03 04:31:48 --> ParseError: syntax error, unexpected token "const"
in APPPATH\Controllers\Marvel.php on line 63.
 1 SYSTEMPATH\Autoloader\Autoloader.php(290): CodeIgniter\Autoloader\Autoloader->includeFile('C:\\xampp\\htdocs\\CI4TestCovalto\\app\\Controllers\\Marvel.php')
 2 SYSTEMPATH\Autoloader\Autoloader.php(266): CodeIgniter\Autoloader\Autoloader->loadInNamespace('App\\Controllers\\Marvel')
 3 [internal function]: CodeIgniter\Autoloader\Autoloader->loadClass('App\\Controllers\\Marvel')
 4 SYSTEMPATH\CodeIgniter.php(899): class_exists('\\App\\Controllers\\Marvel', true)
 5 SYSTEMPATH\CodeIgniter.php(489): CodeIgniter\CodeIgniter->startController()
 6 SYSTEMPATH\CodeIgniter.php(361): CodeIgniter\CodeIgniter->handleRequest(null, Object(Config\Cache), false)
 7 FCPATH\index.php(79): CodeIgniter\CodeIgniter->run()
CRITICAL - 2024-03-03 04:31:50 --> ParseError: syntax error, unexpected token "const"
in APPPATH\Controllers\Marvel.php on line 63.
 1 SYSTEMPATH\Autoloader\Autoloader.php(290): CodeIgniter\Autoloader\Autoloader->includeFile('C:\\xampp\\htdocs\\CI4TestCovalto\\app\\Controllers\\Marvel.php')
 2 SYSTEMPATH\Autoloader\Autoloader.php(266): CodeIgniter\Autoloader\Autoloader->loadInNamespace('App\\Controllers\\Marvel')
 3 [internal function]: CodeIgniter\Autoloader\Autoloader->loadClass('App\\Controllers\\Marvel')
 4 SYSTEMPATH\CodeIgniter.php(899): class_exists('\\App\\Controllers\\Marvel', true)
 5 SYSTEMPATH\CodeIgniter.php(489): CodeIgniter\CodeIgniter->startController()
 6 SYSTEMPATH\CodeIgniter.php(361): CodeIgniter\CodeIgniter->handleRequest(null, Object(Config\Cache), false)
 7 FCPATH\index.php(79): CodeIgniter\CodeIgniter->run()
CRITICAL - 2024-03-03 04:31:51 --> ParseError: syntax error, unexpected token "const"
in APPPATH\Controllers\Marvel.php on line 63.
 1 SYSTEMPATH\Autoloader\Autoloader.php(290): CodeIgniter\Autoloader\Autoloader->includeFile('C:\\xampp\\htdocs\\CI4TestCovalto\\app\\Controllers\\Marvel.php')
 2 SYSTEMPATH\Autoloader\Autoloader.php(266): CodeIgniter\Autoloader\Autoloader->loadInNamespace('App\\Controllers\\Marvel')
 3 [internal function]: CodeIgniter\Autoloader\Autoloader->loadClass('App\\Controllers\\Marvel')
 4 SYSTEMPATH\CodeIgniter.php(899): class_exists('\\App\\Controllers\\Marvel', true)
 5 SYSTEMPATH\CodeIgniter.php(489): CodeIgniter\CodeIgniter->startController()
 6 SYSTEMPATH\CodeIgniter.php(361): CodeIgniter\CodeIgniter->handleRequest(null, Object(Config\Cache), false)
 7 FCPATH\index.php(79): CodeIgniter\CodeIgniter->run()
CRITICAL - 2024-03-03 04:31:52 --> ParseError: syntax error, unexpected token "const"
in APPPATH\Controllers\Marvel.php on line 63.
 1 SYSTEMPATH\Autoloader\Autoloader.php(290): CodeIgniter\Autoloader\Autoloader->includeFile('C:\\xampp\\htdocs\\CI4TestCovalto\\app\\Controllers\\Marvel.php')
 2 SYSTEMPATH\Autoloader\Autoloader.php(266): CodeIgniter\Autoloader\Autoloader->loadInNamespace('App\\Controllers\\Marvel')
 3 [internal function]: CodeIgniter\Autoloader\Autoloader->loadClass('App\\Controllers\\Marvel')
 4 SYSTEMPATH\CodeIgniter.php(899): class_exists('\\App\\Controllers\\Marvel', true)
 5 SYSTEMPATH\CodeIgniter.php(489): CodeIgniter\CodeIgniter->startController()
 6 SYSTEMPATH\CodeIgniter.php(361): CodeIgniter\CodeIgniter->handleRequest(null, Object(Config\Cache), false)
 7 FCPATH\index.php(79): CodeIgniter\CodeIgniter->run()
CRITICAL - 2024-03-03 04:31:52 --> ParseError: syntax error, unexpected token "const"
in APPPATH\Controllers\Marvel.php on line 63.
 1 SYSTEMPATH\Autoloader\Autoloader.php(290): CodeIgniter\Autoloader\Autoloader->includeFile('C:\\xampp\\htdocs\\CI4TestCovalto\\app\\Controllers\\Marvel.php')
 2 SYSTEMPATH\Autoloader\Autoloader.php(266): CodeIgniter\Autoloader\Autoloader->loadInNamespace('App\\Controllers\\Marvel')
 3 [internal function]: CodeIgniter\Autoloader\Autoloader->loadClass('App\\Controllers\\Marvel')
 4 SYSTEMPATH\CodeIgniter.php(899): class_exists('\\App\\Controllers\\Marvel', true)
 5 SYSTEMPATH\CodeIgniter.php(489): CodeIgniter\CodeIgniter->startController()
 6 SYSTEMPATH\CodeIgniter.php(361): CodeIgniter\CodeIgniter->handleRequest(null, Object(Config\Cache), false)
 7 FCPATH\index.php(79): CodeIgniter\CodeIgniter->run()
CRITICAL - 2024-03-03 04:31:52 --> ParseError: syntax error, unexpected token "const"
in APPPATH\Controllers\Marvel.php on line 63.
 1 SYSTEMPATH\Autoloader\Autoloader.php(290): CodeIgniter\Autoloader\Autoloader->includeFile('C:\\xampp\\htdocs\\CI4TestCovalto\\app\\Controllers\\Marvel.php')
 2 SYSTEMPATH\Autoloader\Autoloader.php(266): CodeIgniter\Autoloader\Autoloader->loadInNamespace('App\\Controllers\\Marvel')
 3 [internal function]: CodeIgniter\Autoloader\Autoloader->loadClass('App\\Controllers\\Marvel')
 4 SYSTEMPATH\CodeIgniter.php(899): class_exists('\\App\\Controllers\\Marvel', true)
 5 SYSTEMPATH\CodeIgniter.php(489): CodeIgniter\CodeIgniter->startController()
 6 SYSTEMPATH\CodeIgniter.php(361): CodeIgniter\CodeIgniter->handleRequest(null, Object(Config\Cache), false)
 7 FCPATH\index.php(79): CodeIgniter\CodeIgniter->run()
CRITICAL - 2024-03-03 04:35:13 --> Error: Class "App\Controllers\File" not found
in APPPATH\Controllers\Marvel.php on line 64.
 1 SYSTEMPATH\CodeIgniter.php(941): App\Controllers\Marvel->create()
 2 SYSTEMPATH\CodeIgniter.php(502): CodeIgniter\CodeIgniter->runController(Object(App\Controllers\Marvel))
 3 SYSTEMPATH\CodeIgniter.php(361): CodeIgniter\CodeIgniter->handleRequest(null, Object(Config\Cache), false)
 4 FCPATH\index.php(79): CodeIgniter\CodeIgniter->run()
CRITICAL - 2024-03-03 04:35:42 --> Error: Call to undefined method CodeIgniter\Files\File::setPath()
in APPPATH\Controllers\Marvel.php on line 65.
 1 SYSTEMPATH\CodeIgniter.php(941): App\Controllers\Marvel->create()
 2 SYSTEMPATH\CodeIgniter.php(502): CodeIgniter\CodeIgniter->runController(Object(App\Controllers\Marvel))
 3 SYSTEMPATH\CodeIgniter.php(361): CodeIgniter\CodeIgniter->handleRequest(null, Object(Config\Cache), false)
 4 FCPATH\index.php(79): CodeIgniter\CodeIgniter->run()
CRITICAL - 2024-03-03 04:35:44 --> Error: Call to undefined method CodeIgniter\Files\File::setPath()
in APPPATH\Controllers\Marvel.php on line 65.
 1 SYSTEMPATH\CodeIgniter.php(941): App\Controllers\Marvel->create()
 2 SYSTEMPATH\CodeIgniter.php(502): CodeIgniter\CodeIgniter->runController(Object(App\Controllers\Marvel))
 3 SYSTEMPATH\CodeIgniter.php(361): CodeIgniter\CodeIgniter->handleRequest(null, Object(Config\Cache), false)
 4 FCPATH\index.php(79): CodeIgniter\CodeIgniter->run()
CRITICAL - 2024-03-03 04:36:01 --> Error: Call to undefined method CodeIgniter\Files\File::setPath()
in APPPATH\Controllers\Marvel.php on line 65.
 1 SYSTEMPATH\CodeIgniter.php(941): App\Controllers\Marvel->create()
 2 SYSTEMPATH\CodeIgniter.php(502): CodeIgniter\CodeIgniter->runController(Object(App\Controllers\Marvel))
 3 SYSTEMPATH\CodeIgniter.php(361): CodeIgniter\CodeIgniter->handleRequest(null, Object(Config\Cache), false)
 4 FCPATH\index.php(79): CodeIgniter\CodeIgniter->run()
CRITICAL - 2024-03-03 04:42:05 --> Error: Class "App\Controllers\File" not found
in APPPATH\Controllers\Marvel.php on line 71.
 1 SYSTEMPATH\CodeIgniter.php(941): App\Controllers\Marvel->create()
 2 SYSTEMPATH\CodeIgniter.php(502): CodeIgniter\CodeIgniter->runController(Object(App\Controllers\Marvel))
 3 SYSTEMPATH\CodeIgniter.php(361): CodeIgniter\CodeIgniter->handleRequest(null, Object(Config\Cache), false)
 4 FCPATH\index.php(79): CodeIgniter\CodeIgniter->run()
CRITICAL - 2024-03-03 04:42:36 --> Error: Call to undefined method CodeIgniter\Files\File::setPath()
in APPPATH\Controllers\Marvel.php on line 73.
 1 SYSTEMPATH\CodeIgniter.php(941): App\Controllers\Marvel->create()
 2 SYSTEMPATH\CodeIgniter.php(502): CodeIgniter\CodeIgniter->runController(Object(App\Controllers\Marvel))
 3 SYSTEMPATH\CodeIgniter.php(361): CodeIgniter\CodeIgniter->handleRequest(null, Object(Config\Cache), false)
 4 FCPATH\index.php(79): CodeIgniter\CodeIgniter->run()
CRITICAL - 2024-03-03 04:42:38 --> Error: Call to undefined method CodeIgniter\Files\File::setPath()
in APPPATH\Controllers\Marvel.php on line 73.
 1 SYSTEMPATH\CodeIgniter.php(941): App\Controllers\Marvel->create()
 2 SYSTEMPATH\CodeIgniter.php(502): CodeIgniter\CodeIgniter->runController(Object(App\Controllers\Marvel))
 3 SYSTEMPATH\CodeIgniter.php(361): CodeIgniter\CodeIgniter->handleRequest(null, Object(Config\Cache), false)
 4 FCPATH\index.php(79): CodeIgniter\CodeIgniter->run()
CRITICAL - 2024-03-03 04:45:17 --> Error: Undefined constant "App\Controllers\PUBLIC_PATH"
in APPPATH\Controllers\Marvel.php on line 47.
 1 SYSTEMPATH\CodeIgniter.php(941): App\Controllers\Marvel->create()
 2 SYSTEMPATH\CodeIgniter.php(502): CodeIgniter\CodeIgniter->runController(Object(App\Controllers\Marvel))
 3 SYSTEMPATH\CodeIgniter.php(361): CodeIgniter\CodeIgniter->handleRequest(null, Object(Config\Cache), false)
 4 FCPATH\index.php(79): CodeIgniter\CodeIgniter->run()
CRITICAL - 2024-03-03 04:45:31 --> Error: Undefined constant "App\Controllers\PUBLIC_PATH"
in APPPATH\Controllers\Marvel.php on line 47.
 1 SYSTEMPATH\CodeIgniter.php(941): App\Controllers\Marvel->create()
 2 SYSTEMPATH\CodeIgniter.php(502): CodeIgniter\CodeIgniter->runController(Object(App\Controllers\Marvel))
 3 SYSTEMPATH\CodeIgniter.php(361): CodeIgniter\CodeIgniter->handleRequest(null, Object(Config\Cache), false)
 4 FCPATH\index.php(79): CodeIgniter\CodeIgniter->run()
CRITICAL - 2024-03-03 04:55:29 --> Error: Call to undefined method CodeIgniter\HTTP\SiteURI::getURL()
in APPPATH\Controllers\Marvel.php on line 46.
 1 SYSTEMPATH\CodeIgniter.php(941): App\Controllers\Marvel->create()
 2 SYSTEMPATH\CodeIgniter.php(502): CodeIgniter\CodeIgniter->runController(Object(App\Controllers\Marvel))
 3 SYSTEMPATH\CodeIgniter.php(361): CodeIgniter\CodeIgniter->handleRequest(null, Object(Config\Cache), false)
 4 FCPATH\index.php(79): CodeIgniter\CodeIgniter->run()
CRITICAL - 2024-03-03 04:55:55 --> Error: Call to undefined method CodeIgniter\HTTP\SiteURI::getURL()
in APPPATH\Controllers\Marvel.php on line 46.
 1 SYSTEMPATH\CodeIgniter.php(941): App\Controllers\Marvel->create()
 2 SYSTEMPATH\CodeIgniter.php(502): CodeIgniter\CodeIgniter->runController(Object(App\Controllers\Marvel))
 3 SYSTEMPATH\CodeIgniter.php(361): CodeIgniter\CodeIgniter->handleRequest(null, Object(Config\Cache), false)
 4 FCPATH\index.php(79): CodeIgniter\CodeIgniter->run()
CRITICAL - 2024-03-03 05:55:02 --> ErrorException: Undefined variable $empleado
in APPPATH\Views\marvel_edit.php on line 14.
 1 APPPATH\Views\marvel_edit.php(14): CodeIgniter\Debug\Exceptions->errorHandler(2, 'Undefined variable $empleado', 'C:\\xampp\\htdocs\\CI4TestCovalto\\app\\Views\\marvel_edit.php', 14)
 2 SYSTEMPATH\View\View.php(228): include('C:\\xampp\\htdocs\\CI4TestCovalto\\app\\Views\\marvel_edit.php')
 3 SYSTEMPATH\View\View.php(231): CodeIgniter\View\View->CodeIgniter\View\{closure}()
 4 SYSTEMPATH\Common.php(1178): CodeIgniter\View\View->render('marvel_edit', [], true)
 5 APPPATH\Controllers\Marvel.php(102): view('marvel_edit', [...])
 6 SYSTEMPATH\CodeIgniter.php(941): App\Controllers\Marvel->edit('55')
 7 SYSTEMPATH\CodeIgniter.php(502): CodeIgniter\CodeIgniter->runController(Object(App\Controllers\Marvel))
 8 SYSTEMPATH\CodeIgniter.php(361): CodeIgniter\CodeIgniter->handleRequest(null, Object(Config\Cache), false)
 9 FCPATH\index.php(79): CodeIgniter\CodeIgniter->run()
CRITICAL - 2024-03-03 05:55:10 --> ErrorException: Undefined variable $empleado
in APPPATH\Views\marvel_edit.php on line 14.
 1 APPPATH\Views\marvel_edit.php(14): CodeIgniter\Debug\Exceptions->errorHandler(2, 'Undefined variable $empleado', 'C:\\xampp\\htdocs\\CI4TestCovalto\\app\\Views\\marvel_edit.php', 14)
 2 SYSTEMPATH\View\View.php(228): include('C:\\xampp\\htdocs\\CI4TestCovalto\\app\\Views\\marvel_edit.php')
 3 SYSTEMPATH\View\View.php(231): CodeIgniter\View\View->CodeIgniter\View\{closure}()
 4 SYSTEMPATH\Common.php(1178): CodeIgniter\View\View->render('marvel_edit', [], true)
 5 APPPATH\Controllers\Marvel.php(102): view('marvel_edit', [...])
 6 SYSTEMPATH\CodeIgniter.php(941): App\Controllers\Marvel->edit('54')
 7 SYSTEMPATH\CodeIgniter.php(502): CodeIgniter\CodeIgniter->runController(Object(App\Controllers\Marvel))
 8 SYSTEMPATH\CodeIgniter.php(361): CodeIgniter\CodeIgniter->handleRequest(null, Object(Config\Cache), false)
 9 FCPATH\index.php(79): CodeIgniter\CodeIgniter->run()
CRITICAL - 2024-03-03 06:00:39 --> CodeIgniter\Validation\Exceptions\ValidationException: "callback_unique_name" is not a valid rule.
in SYSTEMPATH\Validation\Validation.php on line 336.
 1 SYSTEMPATH\Validation\Validation.php(336): CodeIgniter\Validation\Exceptions\ValidationException::forRuleNotFound('callback_unique_name')
 2 SYSTEMPATH\Validation\Validation.php(200): CodeIgniter\Validation\Validation->processRules('name', 'Name', 'sila', [...], [...])
 3 SYSTEMPATH\Controller.php(152): CodeIgniter\Validation\Validation->run()
 4 APPPATH\Controllers\Marvel.php(129): CodeIgniter\Controller->validate([...])
 5 SYSTEMPATH\CodeIgniter.php(941): App\Controllers\Marvel->update('54')
 6 SYSTEMPATH\CodeIgniter.php(502): CodeIgniter\CodeIgniter->runController(Object(App\Controllers\Marvel))
 7 SYSTEMPATH\CodeIgniter.php(361): CodeIgniter\CodeIgniter->handleRequest(null, Object(Config\Cache), false)
 8 FCPATH\index.php(79): CodeIgniter\CodeIgniter->run()
CRITICAL - 2024-03-03 06:01:37 --> ValueError: strpos(): Argument #3 ($offset) must be contained in argument #1 ($haystack)
in SYSTEMPATH\Validation\Validation.php on line 958.
 1 SYSTEMPATH\Validation\Validation.php(958): strpos('required|is_unique[characters.name,id,[54]', '|', 43)
 2 SYSTEMPATH\Validation\Validation.php(595): CodeIgniter\Validation\Validation->splitRules([...])
 3 SYSTEMPATH\Controller.php(196): CodeIgniter\Validation\Validation->setRules([...], [])
 4 SYSTEMPATH\Controller.php(150): CodeIgniter\Controller->setValidator([...], [])
 5 APPPATH\Controllers\Marvel.php(134): CodeIgniter\Controller->validate([...])
 6 SYSTEMPATH\CodeIgniter.php(941): App\Controllers\Marvel->update('54')
 7 SYSTEMPATH\CodeIgniter.php(502): CodeIgniter\CodeIgniter->runController(Object(App\Controllers\Marvel))
 8 SYSTEMPATH\CodeIgniter.php(361): CodeIgniter\CodeIgniter->handleRequest(null, Object(Config\Cache), false)
 9 FCPATH\index.php(79): CodeIgniter\CodeIgniter->run()
CRITICAL - 2024-03-03 06:02:03 --> ValueError: strpos(): Argument #3 ($offset) must be contained in argument #1 ($haystack)
in SYSTEMPATH\Validation\Validation.php on line 958.
 1 SYSTEMPATH\Validation\Validation.php(958): strpos('required|is_unique[characters.name,id,{54}', '|', 43)
 2 SYSTEMPATH\Validation\Validation.php(595): CodeIgniter\Validation\Validation->splitRules([...])
 3 SYSTEMPATH\Controller.php(196): CodeIgniter\Validation\Validation->setRules([...], [])
 4 SYSTEMPATH\Controller.php(150): CodeIgniter\Controller->setValidator([...], [])
 5 APPPATH\Controllers\Marvel.php(134): CodeIgniter\Controller->validate([...])
 6 SYSTEMPATH\CodeIgniter.php(941): App\Controllers\Marvel->update('54')
 7 SYSTEMPATH\CodeIgniter.php(502): CodeIgniter\CodeIgniter->runController(Object(App\Controllers\Marvel))
 8 SYSTEMPATH\CodeIgniter.php(361): CodeIgniter\CodeIgniter->handleRequest(null, Object(Config\Cache), false)
 9 FCPATH\index.php(79): CodeIgniter\CodeIgniter->run()
CRITICAL - 2024-03-03 06:02:25 --> ValueError: strpos(): Argument #3 ($offset) must be contained in argument #1 ($haystack)
in SYSTEMPATH\Validation\Validation.php on line 958.
 1 SYSTEMPATH\Validation\Validation.php(958): strpos('required|is_unique[characters.name,id,{54}', '|', 43)
 2 SYSTEMPATH\Validation\Validation.php(599): CodeIgniter\Validation\Validation->splitRules([...])
 3 SYSTEMPATH\Controller.php(196): CodeIgniter\Validation\Validation->setRules([...], [])
 4 SYSTEMPATH\Controller.php(150): CodeIgniter\Controller->setValidator([...], [])
 5 APPPATH\Controllers\Marvel.php(123): CodeIgniter\Controller->validate([...])
 6 SYSTEMPATH\CodeIgniter.php(941): App\Controllers\Marvel->update('54')
 7 SYSTEMPATH\CodeIgniter.php(502): CodeIgniter\CodeIgniter->runController(Object(App\Controllers\Marvel))
 8 SYSTEMPATH\CodeIgniter.php(361): CodeIgniter\CodeIgniter->handleRequest(null, Object(Config\Cache), false)
 9 FCPATH\index.php(79): CodeIgniter\CodeIgniter->run()
CRITICAL - 2024-03-03 06:02:31 --> ValueError: strpos(): Argument #3 ($offset) must be contained in argument #1 ($haystack)
in SYSTEMPATH\Validation\Validation.php on line 958.
 1 SYSTEMPATH\Validation\Validation.php(958): strpos('required|is_unique[characters.name,id,{54}', '|', 43)
 2 SYSTEMPATH\Validation\Validation.php(599): CodeIgniter\Validation\Validation->splitRules([...])
 3 SYSTEMPATH\Controller.php(196): CodeIgniter\Validation\Validation->setRules([...], [])
 4 SYSTEMPATH\Controller.php(150): CodeIgniter\Controller->setValidator([...], [])
 5 APPPATH\Controllers\Marvel.php(123): CodeIgniter\Controller->validate([...])
 6 SYSTEMPATH\CodeIgniter.php(941): App\Controllers\Marvel->update('54')
 7 SYSTEMPATH\CodeIgniter.php(502): CodeIgniter\CodeIgniter->runController(Object(App\Controllers\Marvel))
 8 SYSTEMPATH\CodeIgniter.php(361): CodeIgniter\CodeIgniter->handleRequest(null, Object(Config\Cache), false)
 9 FCPATH\index.php(79): CodeIgniter\CodeIgniter->run()
CRITICAL - 2024-03-03 07:55:29 --> ErrorException: Undefined variable $pager
in APPPATH\Views\marvel_index.php on line 58.
 1 APPPATH\Views\marvel_index.php(58): CodeIgniter\Debug\Exceptions->errorHandler(2, 'Undefined variable $pager', 'C:\\xampp\\htdocs\\CI4TestCovalto\\app\\Views\\marvel_index.php', 58)
 2 SYSTEMPATH\View\View.php(228): include('C:\\xampp\\htdocs\\CI4TestCovalto\\app\\Views\\marvel_index.php')
 3 SYSTEMPATH\View\View.php(231): CodeIgniter\View\View->CodeIgniter\View\{closure}()
 4 SYSTEMPATH\Common.php(1178): CodeIgniter\View\View->render('marvel_index', [], true)
 5 APPPATH\Controllers\Marvel.php(39): view('marvel_index', [...])
 6 SYSTEMPATH\CodeIgniter.php(941): App\Controllers\Marvel->index()
 7 SYSTEMPATH\CodeIgniter.php(502): CodeIgniter\CodeIgniter->runController(Object(App\Controllers\Marvel))
 8 SYSTEMPATH\CodeIgniter.php(361): CodeIgniter\CodeIgniter->handleRequest(null, Object(Config\Cache), false)
 9 FCPATH\index.php(79): CodeIgniter\CodeIgniter->run()
CRITICAL - 2024-03-03 08:00:16 --> Error: Call to undefined method CodeIgniter\Pager\Pager::hasPrevious()
in APPPATH\Views\marvel_index.php on line 64.
 1 SYSTEMPATH\View\View.php(228): include()
 2 SYSTEMPATH\View\View.php(231): CodeIgniter\View\View->CodeIgniter\View\{closure}()
 3 SYSTEMPATH\Common.php(1178): CodeIgniter\View\View->render('marvel_index', [], true)
 4 APPPATH\Controllers\Marvel.php(39): view('marvel_index', [...])
 5 SYSTEMPATH\CodeIgniter.php(941): App\Controllers\Marvel->index()
 6 SYSTEMPATH\CodeIgniter.php(502): CodeIgniter\CodeIgniter->runController(Object(App\Controllers\Marvel))
 7 SYSTEMPATH\CodeIgniter.php(361): CodeIgniter\CodeIgniter->handleRequest(null, Object(Config\Cache), false)
 8 FCPATH\index.php(79): CodeIgniter\CodeIgniter->run()
CRITICAL - 2024-03-03 08:00:19 --> Error: Call to undefined method CodeIgniter\Pager\Pager::hasPrevious()
in APPPATH\Views\marvel_index.php on line 64.
 1 SYSTEMPATH\View\View.php(228): include()
 2 SYSTEMPATH\View\View.php(231): CodeIgniter\View\View->CodeIgniter\View\{closure}()
 3 SYSTEMPATH\Common.php(1178): CodeIgniter\View\View->render('marvel_index', [], true)
 4 APPPATH\Controllers\Marvel.php(39): view('marvel_index', [...])
 5 SYSTEMPATH\CodeIgniter.php(941): App\Controllers\Marvel->index()
 6 SYSTEMPATH\CodeIgniter.php(502): CodeIgniter\CodeIgniter->runController(Object(App\Controllers\Marvel))
 7 SYSTEMPATH\CodeIgniter.php(361): CodeIgniter\CodeIgniter->handleRequest(null, Object(Config\Cache), false)
 8 FCPATH\index.php(79): CodeIgniter\CodeIgniter->run()
CRITICAL - 2024-03-03 08:00:25 --> Error: Call to undefined method CodeIgniter\Pager\Pager::hasPrevious()
in APPPATH\Views\marvel_index.php on line 64.
 1 SYSTEMPATH\View\View.php(228): include()
 2 SYSTEMPATH\View\View.php(231): CodeIgniter\View\View->CodeIgniter\View\{closure}()
 3 SYSTEMPATH\Common.php(1178): CodeIgniter\View\View->render('marvel_index', [], true)
 4 APPPATH\Controllers\Marvel.php(39): view('marvel_index', [...])
 5 SYSTEMPATH\CodeIgniter.php(941): App\Controllers\Marvel->index()
 6 SYSTEMPATH\CodeIgniter.php(502): CodeIgniter\CodeIgniter->runController(Object(App\Controllers\Marvel))
 7 SYSTEMPATH\CodeIgniter.php(361): CodeIgniter\CodeIgniter->handleRequest(null, Object(Config\Cache), false)
 8 FCPATH\index.php(79): CodeIgniter\CodeIgniter->run()
CRITICAL - 2024-03-03 08:06:19 --> ErrorException: foreach() argument must be of type array|object, string given
in APPPATH\Views\marvel_index.php on line 62.
 1 APPPATH\Views\marvel_index.php(62): CodeIgniter\Debug\Exceptions->errorHandler(2, 'foreach() argument must be of type array|object, string given', 'C:\\xampp\\htdocs\\CI4TestCovalto\\app\\Views\\marvel_index.php', 62)
 2 SYSTEMPATH\View\View.php(228): include('C:\\xampp\\htdocs\\CI4TestCovalto\\app\\Views\\marvel_index.php')
 3 SYSTEMPATH\View\View.php(231): CodeIgniter\View\View->CodeIgniter\View\{closure}()
 4 SYSTEMPATH\Common.php(1178): CodeIgniter\View\View->render('marvel_index', [], true)
 5 APPPATH\Controllers\Marvel.php(39): view('marvel_index', [...])
 6 SYSTEMPATH\CodeIgniter.php(941): App\Controllers\Marvel->index()
 7 SYSTEMPATH\CodeIgniter.php(502): CodeIgniter\CodeIgniter->runController(Object(App\Controllers\Marvel))
 8 SYSTEMPATH\CodeIgniter.php(361): CodeIgniter\CodeIgniter->handleRequest(null, Object(Config\Cache), false)
 9 FCPATH\index.php(79): CodeIgniter\CodeIgniter->run()
CRITICAL - 2024-03-03 08:11:42 --> Error: Call to undefined method CodeIgniter\Pager\Pager::hasPrevious()
in APPPATH\Views\marvel_index.php on line 65.
 1 SYSTEMPATH\View\View.php(228): include()
 2 SYSTEMPATH\View\View.php(231): CodeIgniter\View\View->CodeIgniter\View\{closure}()
 3 SYSTEMPATH\Common.php(1178): CodeIgniter\View\View->render('marvel_index', [], true)
 4 APPPATH\Controllers\Marvel.php(39): view('marvel_index', [...])
 5 SYSTEMPATH\CodeIgniter.php(941): App\Controllers\Marvel->index()
 6 SYSTEMPATH\CodeIgniter.php(502): CodeIgniter\CodeIgniter->runController(Object(App\Controllers\Marvel))
 7 SYSTEMPATH\CodeIgniter.php(361): CodeIgniter\CodeIgniter->handleRequest(null, Object(Config\Cache), false)
 8 FCPATH\index.php(79): CodeIgniter\CodeIgniter->run()
CRITICAL - 2024-03-03 08:11:44 --> Error: Call to undefined method CodeIgniter\Pager\Pager::hasPrevious()
in APPPATH\Views\marvel_index.php on line 65.
 1 SYSTEMPATH\View\View.php(228): include()
 2 SYSTEMPATH\View\View.php(231): CodeIgniter\View\View->CodeIgniter\View\{closure}()
 3 SYSTEMPATH\Common.php(1178): CodeIgniter\View\View->render('marvel_index', [], true)
 4 APPPATH\Controllers\Marvel.php(39): view('marvel_index', [...])
 5 SYSTEMPATH\CodeIgniter.php(941): App\Controllers\Marvel->index()
 6 SYSTEMPATH\CodeIgniter.php(502): CodeIgniter\CodeIgniter->runController(Object(App\Controllers\Marvel))
 7 SYSTEMPATH\CodeIgniter.php(361): CodeIgniter\CodeIgniter->handleRequest(null, Object(Config\Cache), false)
 8 FCPATH\index.php(79): CodeIgniter\CodeIgniter->run()
CRITICAL - 2024-03-03 08:11:45 --> Error: Call to undefined method CodeIgniter\Pager\Pager::hasPrevious()
in APPPATH\Views\marvel_index.php on line 65.
 1 SYSTEMPATH\View\View.php(228): include()
 2 SYSTEMPATH\View\View.php(231): CodeIgniter\View\View->CodeIgniter\View\{closure}()
 3 SYSTEMPATH\Common.php(1178): CodeIgniter\View\View->render('marvel_index', [], true)
 4 APPPATH\Controllers\Marvel.php(39): view('marvel_index', [...])
 5 SYSTEMPATH\CodeIgniter.php(941): App\Controllers\Marvel->index()
 6 SYSTEMPATH\CodeIgniter.php(502): CodeIgniter\CodeIgniter->runController(Object(App\Controllers\Marvel))
 7 SYSTEMPATH\CodeIgniter.php(361): CodeIgniter\CodeIgniter->handleRequest(null, Object(Config\Cache), false)
 8 FCPATH\index.php(79): CodeIgniter\CodeIgniter->run()
CRITICAL - 2024-03-03 08:11:46 --> Error: Call to undefined method CodeIgniter\Pager\Pager::hasPrevious()
in APPPATH\Views\marvel_index.php on line 65.
 1 SYSTEMPATH\View\View.php(228): include()
 2 SYSTEMPATH\View\View.php(231): CodeIgniter\View\View->CodeIgniter\View\{closure}()
 3 SYSTEMPATH\Common.php(1178): CodeIgniter\View\View->render('marvel_index', [], true)
 4 APPPATH\Controllers\Marvel.php(39): view('marvel_index', [...])
 5 SYSTEMPATH\CodeIgniter.php(941): App\Controllers\Marvel->index()
 6 SYSTEMPATH\CodeIgniter.php(502): CodeIgniter\CodeIgniter->runController(Object(App\Controllers\Marvel))
 7 SYSTEMPATH\CodeIgniter.php(361): CodeIgniter\CodeIgniter->handleRequest(null, Object(Config\Cache), false)
 8 FCPATH\index.php(79): CodeIgniter\CodeIgniter->run()
CRITICAL - 2024-03-03 08:11:47 --> Error: Call to undefined method CodeIgniter\Pager\Pager::hasPrevious()
in APPPATH\Views\marvel_index.php on line 65.
 1 SYSTEMPATH\View\View.php(228): include()
 2 SYSTEMPATH\View\View.php(231): CodeIgniter\View\View->CodeIgniter\View\{closure}()
 3 SYSTEMPATH\Common.php(1178): CodeIgniter\View\View->render('marvel_index', [], true)
 4 APPPATH\Controllers\Marvel.php(39): view('marvel_index', [...])
 5 SYSTEMPATH\CodeIgniter.php(941): App\Controllers\Marvel->index()
 6 SYSTEMPATH\CodeIgniter.php(502): CodeIgniter\CodeIgniter->runController(Object(App\Controllers\Marvel))
 7 SYSTEMPATH\CodeIgniter.php(361): CodeIgniter\CodeIgniter->handleRequest(null, Object(Config\Cache), false)
 8 FCPATH\index.php(79): CodeIgniter\CodeIgniter->run()
CRITICAL - 2024-03-03 08:12:37 --> ErrorException: foreach() argument must be of type array|object, string given
in APPPATH\Views\marvel_index.php on line 62.
 1 APPPATH\Views\marvel_index.php(62): CodeIgniter\Debug\Exceptions->errorHandler(2, 'foreach() argument must be of type array|object, string given', 'C:\\xampp\\htdocs\\CI4TestCovalto\\app\\Views\\marvel_index.php', 62)
 2 SYSTEMPATH\View\View.php(228): include('C:\\xampp\\htdocs\\CI4TestCovalto\\app\\Views\\marvel_index.php')
 3 SYSTEMPATH\View\View.php(231): CodeIgniter\View\View->CodeIgniter\View\{closure}()
 4 SYSTEMPATH\Common.php(1178): CodeIgniter\View\View->render('marvel_index', [], true)
 5 APPPATH\Controllers\Marvel.php(39): view('marvel_index', [...])
 6 SYSTEMPATH\CodeIgniter.php(941): App\Controllers\Marvel->index()
 7 SYSTEMPATH\CodeIgniter.php(502): CodeIgniter\CodeIgniter->runController(Object(App\Controllers\Marvel))
 8 SYSTEMPATH\CodeIgniter.php(361): CodeIgniter\CodeIgniter->handleRequest(null, Object(Config\Cache), false)
 9 FCPATH\index.php(79): CodeIgniter\CodeIgniter->run()
CRITICAL - 2024-03-03 08:15:21 --> ErrorException: foreach() argument must be of type array|object, string given
in APPPATH\Views\marvel_index.php on line 62.
 1 APPPATH\Views\marvel_index.php(62): CodeIgniter\Debug\Exceptions->errorHandler(2, 'foreach() argument must be of type array|object, string given', 'C:\\xampp\\htdocs\\CI4TestCovalto\\app\\Views\\marvel_index.php', 62)
 2 SYSTEMPATH\View\View.php(228): include('C:\\xampp\\htdocs\\CI4TestCovalto\\app\\Views\\marvel_index.php')
 3 SYSTEMPATH\View\View.php(231): CodeIgniter\View\View->CodeIgniter\View\{closure}()
 4 SYSTEMPATH\Common.php(1178): CodeIgniter\View\View->render('marvel_index', [], true)
 5 APPPATH\Controllers\Marvel.php(39): view('marvel_index', [...])
 6 SYSTEMPATH\CodeIgniter.php(941): App\Controllers\Marvel->index()
 7 SYSTEMPATH\CodeIgniter.php(502): CodeIgniter\CodeIgniter->runController(Object(App\Controllers\Marvel))
 8 SYSTEMPATH\CodeIgniter.php(361): CodeIgniter\CodeIgniter->handleRequest(null, Object(Config\Cache), false)
 9 FCPATH\index.php(79): CodeIgniter\CodeIgniter->run()
CRITICAL - 2024-03-03 08:15:23 --> ErrorException: foreach() argument must be of type array|object, string given
in APPPATH\Views\marvel_index.php on line 62.
 1 APPPATH\Views\marvel_index.php(62): CodeIgniter\Debug\Exceptions->errorHandler(2, 'foreach() argument must be of type array|object, string given', 'C:\\xampp\\htdocs\\CI4TestCovalto\\app\\Views\\marvel_index.php', 62)
 2 SYSTEMPATH\View\View.php(228): include('C:\\xampp\\htdocs\\CI4TestCovalto\\app\\Views\\marvel_index.php')
 3 SYSTEMPATH\View\View.php(231): CodeIgniter\View\View->CodeIgniter\View\{closure}()
 4 SYSTEMPATH\Common.php(1178): CodeIgniter\View\View->render('marvel_index', [], true)
 5 APPPATH\Controllers\Marvel.php(39): view('marvel_index', [...])
 6 SYSTEMPATH\CodeIgniter.php(941): App\Controllers\Marvel->index()
 7 SYSTEMPATH\CodeIgniter.php(502): CodeIgniter\CodeIgniter->runController(Object(App\Controllers\Marvel))
 8 SYSTEMPATH\CodeIgniter.php(361): CodeIgniter\CodeIgniter->handleRequest(null, Object(Config\Cache), false)
 9 FCPATH\index.php(79): CodeIgniter\CodeIgniter->run()
CRITICAL - 2024-03-03 08:17:35 --> CodeIgniter\Pager\Exceptions\PagerException: "bootstrap4_pagination" is not a valid Pager template.
in SYSTEMPATH\Pager\Pager.php on line 122.
 1 SYSTEMPATH\Pager\Pager.php(122): CodeIgniter\Pager\Exceptions\PagerException::forInvalidTemplate('bootstrap4_pagination')
 2 SYSTEMPATH\Pager\Pager.php(85): CodeIgniter\Pager\Pager->displayLinks('bootstrap', 'bootstrap4_pagination')
 3 APPPATH\Views\marvel_index.php(58): CodeIgniter\Pager\Pager->links('bootstrap', 'bootstrap4_pagination')
 4 SYSTEMPATH\View\View.php(228): include('C:\\xampp\\htdocs\\CI4TestCovalto\\app\\Views\\marvel_index.php')
 5 SYSTEMPATH\View\View.php(231): CodeIgniter\View\View->CodeIgniter\View\{closure}()
 6 SYSTEMPATH\Common.php(1178): CodeIgniter\View\View->render('marvel_index', [], true)
 7 APPPATH\Controllers\Marvel.php(39): view('marvel_index', [...])
 8 SYSTEMPATH\CodeIgniter.php(941): App\Controllers\Marvel->index()
 9 SYSTEMPATH\CodeIgniter.php(502): CodeIgniter\CodeIgniter->runController(Object(App\Controllers\Marvel))
10 SYSTEMPATH\CodeIgniter.php(361): CodeIgniter\CodeIgniter->handleRequest(null, Object(Config\Cache), false)
11 FCPATH\index.php(79): CodeIgniter\CodeIgniter->run()
CRITICAL - 2024-03-03 08:23:12 --> CodeIgniter\View\Exceptions\ViewException: Invalid file: "App\Views\Pager\pagination.php"
in SYSTEMPATH\Exceptions\FrameworkException.php on line 39.
 1 SYSTEMPATH\View\View.php(216): CodeIgniter\Exceptions\FrameworkException::forInvalidFile('App\\Views\\Pager\\pagination.php')
 2 SYSTEMPATH\Pager\Pager.php(128): CodeIgniter\View\View->render('App\\Views\\Pager\\pagination')
 3 SYSTEMPATH\Pager\Pager.php(85): CodeIgniter\Pager\Pager->displayLinks('default', 'pagination')
 4 APPPATH\Views\marvel_index.php(58): CodeIgniter\Pager\Pager->links('default', 'pagination')
 5 SYSTEMPATH\View\View.php(228): include('C:\\xampp\\htdocs\\CI4TestCovalto\\app\\Views\\marvel_index.php')
 6 SYSTEMPATH\View\View.php(231): CodeIgniter\View\View->CodeIgniter\View\{closure}()
 7 SYSTEMPATH\Common.php(1178): CodeIgniter\View\View->render('marvel_index', [], true)
 8 APPPATH\Controllers\Marvel.php(39): view('marvel_index', [...])
 9 SYSTEMPATH\CodeIgniter.php(941): App\Controllers\Marvel->index()
10 SYSTEMPATH\CodeIgniter.php(502): CodeIgniter\CodeIgniter->runController(Object(App\Controllers\Marvel))
11 SYSTEMPATH\CodeIgniter.php(361): CodeIgniter\CodeIgniter->handleRequest(null, Object(Config\Cache), false)
12 FCPATH\index.php(79): CodeIgniter\CodeIgniter->run()
CRITICAL - 2024-03-03 08:23:15 --> CodeIgniter\View\Exceptions\ViewException: Invalid file: "App\Views\Pager\pagination.php"
in SYSTEMPATH\Exceptions\FrameworkException.php on line 39.
 1 SYSTEMPATH\View\View.php(216): CodeIgniter\Exceptions\FrameworkException::forInvalidFile('App\\Views\\Pager\\pagination.php')
 2 SYSTEMPATH\Pager\Pager.php(128): CodeIgniter\View\View->render('App\\Views\\Pager\\pagination')
 3 SYSTEMPATH\Pager\Pager.php(85): CodeIgniter\Pager\Pager->displayLinks('default', 'pagination')
 4 APPPATH\Views\marvel_index.php(58): CodeIgniter\Pager\Pager->links('default', 'pagination')
 5 SYSTEMPATH\View\View.php(228): include('C:\\xampp\\htdocs\\CI4TestCovalto\\app\\Views\\marvel_index.php')
 6 SYSTEMPATH\View\View.php(231): CodeIgniter\View\View->CodeIgniter\View\{closure}()
 7 SYSTEMPATH\Common.php(1178): CodeIgniter\View\View->render('marvel_index', [], true)
 8 APPPATH\Controllers\Marvel.php(39): view('marvel_index', [...])
 9 SYSTEMPATH\CodeIgniter.php(941): App\Controllers\Marvel->index()
10 SYSTEMPATH\CodeIgniter.php(502): CodeIgniter\CodeIgniter->runController(Object(App\Controllers\Marvel))
11 SYSTEMPATH\CodeIgniter.php(361): CodeIgniter\CodeIgniter->handleRequest(null, Object(Config\Cache), false)
12 FCPATH\index.php(79): CodeIgniter\CodeIgniter->run()
ERROR - 2024-03-03 08:59:27 --> mysqli_sql_exception: Invalid default value for 'created_at' in C:\xampp\htdocs\CI4TestCovalto\system\Database\MySQLi\Connection.php:306
Stack trace:
#0 C:\xampp\htdocs\CI4TestCovalto\system\Database\MySQLi\Connection.php(306): mysqli->query('CREATE TABLE `c...', 0)
#1 C:\xampp\htdocs\CI4TestCovalto\system\Database\BaseConnection.php(693): CodeIgniter\Database\MySQLi\Connection->execute('CREATE TABLE `c...')
#2 C:\xampp\htdocs\CI4TestCovalto\system\Database\BaseConnection.php(607): CodeIgniter\Database\BaseConnection->simpleQuery('CREATE TABLE `c...')
#3 C:\xampp\htdocs\CI4TestCovalto\system\Database\Forge.php(555): CodeIgniter\Database\BaseConnection->query('CREATE TABLE `c...')
#4 C:\xampp\htdocs\CI4TestCovalto\app\Database\Migrations\2024-03-03-085544_Characters.php(43): CodeIgniter\Database\Forge->createTable('characters')
#5 C:\xampp\htdocs\CI4TestCovalto\system\Database\MigrationRunner.php(865): App\Database\Migrations\Characters->up()
#6 C:\xampp\htdocs\CI4TestCovalto\system\Database\MigrationRunner.php(181): CodeIgniter\Database\MigrationRunner->migrate('up', Object(stdClass))
#7 C:\xampp\htdocs\CI4TestCovalto\system\Commands\Database\Migrate.php(84): CodeIgniter\Database\MigrationRunner->latest(NULL)
#8 C:\xampp\htdocs\CI4TestCovalto\system\CLI\Commands.php(65): CodeIgniter\Commands\Database\Migrate->run(Array)
#9 C:\xampp\htdocs\CI4TestCovalto\system\CLI\Console.php(46): CodeIgniter\CLI\Commands->run('migrate', Array)
#10 C:\xampp\htdocs\CI4TestCovalto\spark(102): CodeIgniter\CLI\Console->run()
#11 {main}
ERROR - 2024-03-03 08:59:34 --> mysqli_sql_exception: Invalid default value for 'created_at' in C:\xampp\htdocs\CI4TestCovalto\system\Database\MySQLi\Connection.php:306
Stack trace:
#0 C:\xampp\htdocs\CI4TestCovalto\system\Database\MySQLi\Connection.php(306): mysqli->query('CREATE TABLE `c...', 0)
#1 C:\xampp\htdocs\CI4TestCovalto\system\Database\BaseConnection.php(693): CodeIgniter\Database\MySQLi\Connection->execute('CREATE TABLE `c...')
#2 C:\xampp\htdocs\CI4TestCovalto\system\Database\BaseConnection.php(607): CodeIgniter\Database\BaseConnection->simpleQuery('CREATE TABLE `c...')
#3 C:\xampp\htdocs\CI4TestCovalto\system\Database\Forge.php(555): CodeIgniter\Database\BaseConnection->query('CREATE TABLE `c...')
#4 C:\xampp\htdocs\CI4TestCovalto\app\Database\Migrations\2024-03-03-085544_Characters.php(43): CodeIgniter\Database\Forge->createTable('characters')
#5 C:\xampp\htdocs\CI4TestCovalto\system\Database\MigrationRunner.php(865): App\Database\Migrations\Characters->up()
#6 C:\xampp\htdocs\CI4TestCovalto\system\Database\MigrationRunner.php(181): CodeIgniter\Database\MigrationRunner->migrate('up', Object(stdClass))
#7 C:\xampp\htdocs\CI4TestCovalto\system\Commands\Database\Migrate.php(84): CodeIgniter\Database\MigrationRunner->latest(NULL)
#8 C:\xampp\htdocs\CI4TestCovalto\system\CLI\Commands.php(65): CodeIgniter\Commands\Database\Migrate->run(Array)
#9 C:\xampp\htdocs\CI4TestCovalto\system\CLI\Console.php(46): CodeIgniter\CLI\Commands->run('migrate', Array)
#10 C:\xampp\htdocs\CI4TestCovalto\spark(102): CodeIgniter\CLI\Console->run()
#11 {main}
ERROR - 2024-03-03 09:00:48 --> mysqli_sql_exception: Unknown column 'created_at' in 'field list' in C:\xampp\htdocs\CI4TestCovalto\system\Database\MySQLi\Connection.php:306
Stack trace:
#0 C:\xampp\htdocs\CI4TestCovalto\system\Database\MySQLi\Connection.php(306): mysqli->query('INSERT INTO `ch...', 0)
#1 C:\xampp\htdocs\CI4TestCovalto\system\Database\BaseConnection.php(693): CodeIgniter\Database\MySQLi\Connection->execute('INSERT INTO `ch...')
#2 C:\xampp\htdocs\CI4TestCovalto\system\Database\BaseConnection.php(607): CodeIgniter\Database\BaseConnection->simpleQuery('INSERT INTO `ch...')
#3 C:\xampp\htdocs\CI4TestCovalto\system\Database\BaseBuilder.php(2307): CodeIgniter\Database\BaseConnection->query('INSERT INTO `ch...', Array, false)
#4 C:\xampp\htdocs\CI4TestCovalto\system\Model.php(326): CodeIgniter\Database\BaseBuilder->insert()
#5 C:\xampp\htdocs\CI4TestCovalto\system\BaseModel.php(802): CodeIgniter\Model->doInsert(Array)
#6 C:\xampp\htdocs\CI4TestCovalto\system\Model.php(744): CodeIgniter\BaseModel->insert(Array, true)
#7 C:\xampp\htdocs\CI4TestCovalto\app\Controllers\Marvel.php(29): CodeIgniter\Model->insert(Array)
#8 C:\xampp\htdocs\CI4TestCovalto\system\CodeIgniter.php(941): App\Controllers\Marvel->index()
#9 C:\xampp\htdocs\CI4TestCovalto\system\CodeIgniter.php(502): CodeIgniter\CodeIgniter->runController(Object(App\Controllers\Marvel))
#10 C:\xampp\htdocs\CI4TestCovalto\system\CodeIgniter.php(361): CodeIgniter\CodeIgniter->handleRequest(NULL, Object(Config\Cache), false)
#11 C:\xampp\htdocs\CI4TestCovalto\index.php(79): CodeIgniter\CodeIgniter->run()
#12 {main}
CRITICAL - 2024-03-03 09:00:48 --> CodeIgniter\Database\Exceptions\DatabaseException: Unknown column 'created_at' in 'field list'
in SYSTEMPATH\Database\BaseConnection.php on line 647.
 1 SYSTEMPATH\Database\BaseBuilder.php(2307): CodeIgniter\Database\BaseConnection->query('INSERT INTO `characters` (`name`, `description`, `thumbnail`, `created_at`, `updated_at`) VALUES (:name:, :description:, :thumbnail:, :created_at:, :updated_at:)', [...], false)
 2 SYSTEMPATH\Model.php(326): CodeIgniter\Database\BaseBuilder->insert()
 3 SYSTEMPATH\BaseModel.php(802): CodeIgniter\Model->doInsert([...])
 4 SYSTEMPATH\Model.php(744): CodeIgniter\BaseModel->insert([...], true)
 5 APPPATH\Controllers\Marvel.php(29): CodeIgniter\Model->insert([...])
 6 SYSTEMPATH\CodeIgniter.php(941): App\Controllers\Marvel->index()
 7 SYSTEMPATH\CodeIgniter.php(502): CodeIgniter\CodeIgniter->runController(Object(App\Controllers\Marvel))
 8 SYSTEMPATH\CodeIgniter.php(361): CodeIgniter\CodeIgniter->handleRequest(null, Object(Config\Cache), false)
 9 FCPATH\index.php(79): CodeIgniter\CodeIgniter->run()
CRITICAL - 2024-03-03 09:00:48 --> [Caused by] CodeIgniter\Database\Exceptions\DatabaseException: Unknown column 'created_at' in 'field list'
in SYSTEMPATH\Database\MySQLi\Connection.php on line 311.
 1 SYSTEMPATH\Database\BaseConnection.php(693): CodeIgniter\Database\MySQLi\Connection->execute('INSERT INTO `characters` (`name`, `description`, `thumbnail`, `created_at`, `updated_at`) VALUES (\'3-D Man\', \'\', \'http://i.annihil.us/u/prod/marvel/i/mg/c/e0/535fecbbb9784.jpg\', \'2024-03-03 09:00:48\', \'2024-03-03 09:00:48\')')
 2 SYSTEMPATH\Database\BaseConnection.php(607): CodeIgniter\Database\BaseConnection->simpleQuery('INSERT INTO `characters` (`name`, `description`, `thumbnail`, `created_at`, `updated_at`) VALUES (\'3-D Man\', \'\', \'http://i.annihil.us/u/prod/marvel/i/mg/c/e0/535fecbbb9784.jpg\', \'2024-03-03 09:00:48\', \'2024-03-03 09:00:48\')')
 3 SYSTEMPATH\Database\BaseBuilder.php(2307): CodeIgniter\Database\BaseConnection->query('INSERT INTO `characters` (`name`, `description`, `thumbnail`, `created_at`, `updated_at`) VALUES (:name:, :description:, :thumbnail:, :created_at:, :updated_at:)', [...], false)
 4 SYSTEMPATH\Model.php(326): CodeIgniter\Database\BaseBuilder->insert()
 5 SYSTEMPATH\BaseModel.php(802): CodeIgniter\Model->doInsert([...])
 6 SYSTEMPATH\Model.php(744): CodeIgniter\BaseModel->insert([...], true)
 7 APPPATH\Controllers\Marvel.php(29): CodeIgniter\Model->insert([...])
 8 SYSTEMPATH\CodeIgniter.php(941): App\Controllers\Marvel->index()
 9 SYSTEMPATH\CodeIgniter.php(502): CodeIgniter\CodeIgniter->runController(Object(App\Controllers\Marvel))
10 SYSTEMPATH\CodeIgniter.php(361): CodeIgniter\CodeIgniter->handleRequest(null, Object(Config\Cache), false)
11 FCPATH\index.php(79): CodeIgniter\CodeIgniter->run()
CRITICAL - 2024-03-03 09:00:48 --> [Caused by] mysqli_sql_exception: Unknown column 'created_at' in 'field list'
in SYSTEMPATH\Database\MySQLi\Connection.php on line 306.
 1 SYSTEMPATH\Database\MySQLi\Connection.php(306): mysqli->query('INSERT INTO `characters` (`name`, `description`, `thumbnail`, `created_at`, `updated_at`) VALUES (\'3-D Man\', \'\', \'http://i.annihil.us/u/prod/marvel/i/mg/c/e0/535fecbbb9784.jpg\', \'2024-03-03 09:00:48\', \'2024-03-03 09:00:48\')', 0)
 2 SYSTEMPATH\Database\BaseConnection.php(693): CodeIgniter\Database\MySQLi\Connection->execute('INSERT INTO `characters` (`name`, `description`, `thumbnail`, `created_at`, `updated_at`) VALUES (\'3-D Man\', \'\', \'http://i.annihil.us/u/prod/marvel/i/mg/c/e0/535fecbbb9784.jpg\', \'2024-03-03 09:00:48\', \'2024-03-03 09:00:48\')')
 3 SYSTEMPATH\Database\BaseConnection.php(607): CodeIgniter\Database\BaseConnection->simpleQuery('INSERT INTO `characters` (`name`, `description`, `thumbnail`, `created_at`, `updated_at`) VALUES (\'3-D Man\', \'\', \'http://i.annihil.us/u/prod/marvel/i/mg/c/e0/535fecbbb9784.jpg\', \'2024-03-03 09:00:48\', \'2024-03-03 09:00:48\')')
 4 SYSTEMPATH\Database\BaseBuilder.php(2307): CodeIgniter\Database\BaseConnection->query('INSERT INTO `characters` (`name`, `description`, `thumbnail`, `created_at`, `updated_at`) VALUES (:name:, :description:, :thumbnail:, :created_at:, :updated_at:)', [...], false)
 5 SYSTEMPATH\Model.php(326): CodeIgniter\Database\BaseBuilder->insert()
 6 SYSTEMPATH\BaseModel.php(802): CodeIgniter\Model->doInsert([...])
 7 SYSTEMPATH\Model.php(744): CodeIgniter\BaseModel->insert([...], true)
 8 APPPATH\Controllers\Marvel.php(29): CodeIgniter\Model->insert([...])
 9 SYSTEMPATH\CodeIgniter.php(941): App\Controllers\Marvel->index()
10 SYSTEMPATH\CodeIgniter.php(502): CodeIgniter\CodeIgniter->runController(Object(App\Controllers\Marvel))
11 SYSTEMPATH\CodeIgniter.php(361): CodeIgniter\CodeIgniter->handleRequest(null, Object(Config\Cache), false)
12 FCPATH\index.php(79): CodeIgniter\CodeIgniter->run()
ERROR - 2024-03-03 09:00:52 --> mysqli_sql_exception: Unknown column 'created_at' in 'field list' in C:\xampp\htdocs\CI4TestCovalto\system\Database\MySQLi\Connection.php:306
Stack trace:
#0 C:\xampp\htdocs\CI4TestCovalto\system\Database\MySQLi\Connection.php(306): mysqli->query('INSERT INTO `ch...', 0)
#1 C:\xampp\htdocs\CI4TestCovalto\system\Database\BaseConnection.php(693): CodeIgniter\Database\MySQLi\Connection->execute('INSERT INTO `ch...')
#2 C:\xampp\htdocs\CI4TestCovalto\system\Database\BaseConnection.php(607): CodeIgniter\Database\BaseConnection->simpleQuery('INSERT INTO `ch...')
#3 C:\xampp\htdocs\CI4TestCovalto\system\Database\BaseBuilder.php(2307): CodeIgniter\Database\BaseConnection->query('INSERT INTO `ch...', Array, false)
#4 C:\xampp\htdocs\CI4TestCovalto\system\Model.php(326): CodeIgniter\Database\BaseBuilder->insert()
#5 C:\xampp\htdocs\CI4TestCovalto\system\BaseModel.php(802): CodeIgniter\Model->doInsert(Array)
#6 C:\xampp\htdocs\CI4TestCovalto\system\Model.php(744): CodeIgniter\BaseModel->insert(Array, true)
#7 C:\xampp\htdocs\CI4TestCovalto\app\Controllers\Marvel.php(29): CodeIgniter\Model->insert(Array)
#8 C:\xampp\htdocs\CI4TestCovalto\system\CodeIgniter.php(941): App\Controllers\Marvel->index()
#9 C:\xampp\htdocs\CI4TestCovalto\system\CodeIgniter.php(502): CodeIgniter\CodeIgniter->runController(Object(App\Controllers\Marvel))
#10 C:\xampp\htdocs\CI4TestCovalto\system\CodeIgniter.php(361): CodeIgniter\CodeIgniter->handleRequest(NULL, Object(Config\Cache), false)
#11 C:\xampp\htdocs\CI4TestCovalto\index.php(79): CodeIgniter\CodeIgniter->run()
#12 {main}
CRITICAL - 2024-03-03 09:00:52 --> CodeIgniter\Database\Exceptions\DatabaseException: Unknown column 'created_at' in 'field list'
in SYSTEMPATH\Database\BaseConnection.php on line 647.
 1 SYSTEMPATH\Database\BaseBuilder.php(2307): CodeIgniter\Database\BaseConnection->query('INSERT INTO `characters` (`name`, `description`, `thumbnail`, `created_at`, `updated_at`) VALUES (:name:, :description:, :thumbnail:, :created_at:, :updated_at:)', [...], false)
 2 SYSTEMPATH\Model.php(326): CodeIgniter\Database\BaseBuilder->insert()
 3 SYSTEMPATH\BaseModel.php(802): CodeIgniter\Model->doInsert([...])
 4 SYSTEMPATH\Model.php(744): CodeIgniter\BaseModel->insert([...], true)
 5 APPPATH\Controllers\Marvel.php(29): CodeIgniter\Model->insert([...])
 6 SYSTEMPATH\CodeIgniter.php(941): App\Controllers\Marvel->index()
 7 SYSTEMPATH\CodeIgniter.php(502): CodeIgniter\CodeIgniter->runController(Object(App\Controllers\Marvel))
 8 SYSTEMPATH\CodeIgniter.php(361): CodeIgniter\CodeIgniter->handleRequest(null, Object(Config\Cache), false)
 9 FCPATH\index.php(79): CodeIgniter\CodeIgniter->run()
CRITICAL - 2024-03-03 09:00:52 --> [Caused by] CodeIgniter\Database\Exceptions\DatabaseException: Unknown column 'created_at' in 'field list'
in SYSTEMPATH\Database\MySQLi\Connection.php on line 311.
 1 SYSTEMPATH\Database\BaseConnection.php(693): CodeIgniter\Database\MySQLi\Connection->execute('INSERT INTO `characters` (`name`, `description`, `thumbnail`, `created_at`, `updated_at`) VALUES (\'3-D Man\', \'\', \'http://i.annihil.us/u/prod/marvel/i/mg/c/e0/535fecbbb9784.jpg\', \'2024-03-03 09:00:52\', \'2024-03-03 09:00:52\')')
 2 SYSTEMPATH\Database\BaseConnection.php(607): CodeIgniter\Database\BaseConnection->simpleQuery('INSERT INTO `characters` (`name`, `description`, `thumbnail`, `created_at`, `updated_at`) VALUES (\'3-D Man\', \'\', \'http://i.annihil.us/u/prod/marvel/i/mg/c/e0/535fecbbb9784.jpg\', \'2024-03-03 09:00:52\', \'2024-03-03 09:00:52\')')
 3 SYSTEMPATH\Database\BaseBuilder.php(2307): CodeIgniter\Database\BaseConnection->query('INSERT INTO `characters` (`name`, `description`, `thumbnail`, `created_at`, `updated_at`) VALUES (:name:, :description:, :thumbnail:, :created_at:, :updated_at:)', [...], false)
 4 SYSTEMPATH\Model.php(326): CodeIgniter\Database\BaseBuilder->insert()
 5 SYSTEMPATH\BaseModel.php(802): CodeIgniter\Model->doInsert([...])
 6 SYSTEMPATH\Model.php(744): CodeIgniter\BaseModel->insert([...], true)
 7 APPPATH\Controllers\Marvel.php(29): CodeIgniter\Model->insert([...])
 8 SYSTEMPATH\CodeIgniter.php(941): App\Controllers\Marvel->index()
 9 SYSTEMPATH\CodeIgniter.php(502): CodeIgniter\CodeIgniter->runController(Object(App\Controllers\Marvel))
10 SYSTEMPATH\CodeIgniter.php(361): CodeIgniter\CodeIgniter->handleRequest(null, Object(Config\Cache), false)
11 FCPATH\index.php(79): CodeIgniter\CodeIgniter->run()
CRITICAL - 2024-03-03 09:00:52 --> [Caused by] mysqli_sql_exception: Unknown column 'created_at' in 'field list'
in SYSTEMPATH\Database\MySQLi\Connection.php on line 306.
 1 SYSTEMPATH\Database\MySQLi\Connection.php(306): mysqli->query('INSERT INTO `characters` (`name`, `description`, `thumbnail`, `created_at`, `updated_at`) VALUES (\'3-D Man\', \'\', \'http://i.annihil.us/u/prod/marvel/i/mg/c/e0/535fecbbb9784.jpg\', \'2024-03-03 09:00:52\', \'2024-03-03 09:00:52\')', 0)
 2 SYSTEMPATH\Database\BaseConnection.php(693): CodeIgniter\Database\MySQLi\Connection->execute('INSERT INTO `characters` (`name`, `description`, `thumbnail`, `created_at`, `updated_at`) VALUES (\'3-D Man\', \'\', \'http://i.annihil.us/u/prod/marvel/i/mg/c/e0/535fecbbb9784.jpg\', \'2024-03-03 09:00:52\', \'2024-03-03 09:00:52\')')
 3 SYSTEMPATH\Database\BaseConnection.php(607): CodeIgniter\Database\BaseConnection->simpleQuery('INSERT INTO `characters` (`name`, `description`, `thumbnail`, `created_at`, `updated_at`) VALUES (\'3-D Man\', \'\', \'http://i.annihil.us/u/prod/marvel/i/mg/c/e0/535fecbbb9784.jpg\', \'2024-03-03 09:00:52\', \'2024-03-03 09:00:52\')')
 4 SYSTEMPATH\Database\BaseBuilder.php(2307): CodeIgniter\Database\BaseConnection->query('INSERT INTO `characters` (`name`, `description`, `thumbnail`, `created_at`, `updated_at`) VALUES (:name:, :description:, :thumbnail:, :created_at:, :updated_at:)', [...], false)
 5 SYSTEMPATH\Model.php(326): CodeIgniter\Database\BaseBuilder->insert()
 6 SYSTEMPATH\BaseModel.php(802): CodeIgniter\Model->doInsert([...])
 7 SYSTEMPATH\Model.php(744): CodeIgniter\BaseModel->insert([...], true)
 8 APPPATH\Controllers\Marvel.php(29): CodeIgniter\Model->insert([...])
 9 SYSTEMPATH\CodeIgniter.php(941): App\Controllers\Marvel->index()
10 SYSTEMPATH\CodeIgniter.php(502): CodeIgniter\CodeIgniter->runController(Object(App\Controllers\Marvel))
11 SYSTEMPATH\CodeIgniter.php(361): CodeIgniter\CodeIgniter->handleRequest(null, Object(Config\Cache), false)
12 FCPATH\index.php(79): CodeIgniter\CodeIgniter->run()
ERROR - 2024-03-03 09:02:10 --> mysqli_sql_exception: Invalid default value for 'updated_at' in C:\xampp\htdocs\CI4TestCovalto\system\Database\MySQLi\Connection.php:306
Stack trace:
#0 C:\xampp\htdocs\CI4TestCovalto\system\Database\MySQLi\Connection.php(306): mysqli->query('CREATE TABLE `c...', 0)
#1 C:\xampp\htdocs\CI4TestCovalto\system\Database\BaseConnection.php(693): CodeIgniter\Database\MySQLi\Connection->execute('CREATE TABLE `c...')
#2 C:\xampp\htdocs\CI4TestCovalto\system\Database\BaseConnection.php(607): CodeIgniter\Database\BaseConnection->simpleQuery('CREATE TABLE `c...')
#3 C:\xampp\htdocs\CI4TestCovalto\system\Database\Forge.php(555): CodeIgniter\Database\BaseConnection->query('CREATE TABLE `c...')
#4 C:\xampp\htdocs\CI4TestCovalto\app\Database\Migrations\2024-03-03-085544_Characters.php(40): CodeIgniter\Database\Forge->createTable('characters')
#5 C:\xampp\htdocs\CI4TestCovalto\system\Database\MigrationRunner.php(865): App\Database\Migrations\Characters->up()
#6 C:\xampp\htdocs\CI4TestCovalto\system\Database\MigrationRunner.php(181): CodeIgniter\Database\MigrationRunner->migrate('up', Object(stdClass))
#7 C:\xampp\htdocs\CI4TestCovalto\system\Commands\Database\Migrate.php(84): CodeIgniter\Database\MigrationRunner->latest(NULL)
#8 C:\xampp\htdocs\CI4TestCovalto\system\CLI\Commands.php(65): CodeIgniter\Commands\Database\Migrate->run(Array)
#9 C:\xampp\htdocs\CI4TestCovalto\system\CLI\Console.php(46): CodeIgniter\CLI\Commands->run('migrate', Array)
#10 C:\xampp\htdocs\CI4TestCovalto\spark(102): CodeIgniter\CLI\Console->run()
#11 {main}
